#
# A fatal error has been detected by the Java Runtime Environment:
#
#  EXCEPTION_ACCESS_VIOLATION (0xc0000005) at pc=0x00007ff934231b53, pid=14388, tid=16784
#
# JRE version: OpenJDK Runtime Environment JBR-17.0.11+1-1207.24-jcef (17.0.11+1) (build 17.0.11+1-b1207.24)
# Java VM: OpenJDK 64-Bit Server VM JBR-17.0.11+1-1207.24-jcef (17.0.11+1-b1207.24, mixed mode, tiered, compressed oops, compressed class ptrs, g1 gc, windows-amd64)
# Problematic frame:
# V  [jvm.dll+0x121b53]
#
# No core dump will be written. Minidumps are not enabled by default on client versions of Windows
#
# If you would like to submit a bug report, please visit:
#   https://youtrack.jetbrains.com/issues/JBR
#

---------------  S U M M A R Y ------------

Command Line: git4idea.http.GitAskPassApp Username for 'https://github.com': 

Host: Intel(R) Core(TM) i5-4210M CPU @ 2.60GHz, 4 cores, 7G,  Windows 10 , 64 bit Build 19041 (10.0.19041.3636)
Time: Tue Jun 25 13:34:10 2024 SE Asia Standard Time elapsed time: 0.405364 seconds (0d 0h 0m 0s)

---------------  T H R E A D  ---------------

Current thread (0x000001acc6996c10):  JavaThread "C2 CompilerThread0" daemon [_thread_in_vm, id=16784, stack(0x0000005bd2100000,0x0000005bd2200000)]

Stack: [0x0000005bd2100000,0x0000005bd2200000],  sp=0x0000005bd21fbd68,  free space=1007k
Native frames: (J=compiled Java code, j=interpreted, Vv=VM code, C=native code)
V  [jvm.dll+0x121b53]


siginfo: EXCEPTION_ACCESS_VIOLATION (0xc0000005), writing address 0x000001acf9a01087


Registers:
RAX=0x000001acc69fba30, RBX=0x0000000000000020, RCX=0x000001acc69fa100, RDX=0x000001acc69f9e78
RSP=0x0000005bd21fbd68, RBP=0x0000000000000005, RSI=0x000001acc69f9e78, RDI=0x000001acc69e72d0
R8 =0x0000000000000001, R9 =0x0000000000000008, R10=0x000000000000001b, R11=0x000001acc69fb6a0
R12=0x0000005bd21fc680, R13=0x000001acc69fbc20, R14=0x000001acc69f9e78, R15=0x000001acc69fb6a0
RIP=0x00007ff934231b53, EFLAGS=0x0000000000010203


Register to memory mapping:

RIP=0x00007ff934231b53 jvm.dll
RAX=0x000001acc69fba30 points into unknown readable memory: 0x000001acc69fa120 | 20 a1 9f c6 ac 01 00 00
RBX=0x0000000000000020 is an unknown value
RCX=0x000001acc69fa100 points into unknown readable memory: 0x00007ff9fb458320 | 20 83 45 fb f9 7f 00 00
RDX=0x000001acc69f9e78 points into unknown readable memory: 0x00007ff934a03128 | 28 31 a0 34 f9 7f 00 00
RSP=0x0000005bd21fbd68 is pointing into the stack for thread: 0x000001acc6996c10
RBP=0x0000000000000005 is an unknown value
RSI=0x000001acc69f9e78 points into unknown readable memory: 0x00007ff934a03128 | 28 31 a0 34 f9 7f 00 00
RDI=0x000001acc69e72d0 points into unknown readable memory: 0x0000000000000000 | 00 00 00 00 00 00 00 00
R8 =0x0000000000000001 is an unknown value
R9 =0x0000000000000008 is an unknown value
R10=0x000000000000001b is an unknown value
R11=0x000001acc69fb6a0 points into unknown readable memory: 0x00007ff934a398d0 | d0 98 a3 34 f9 7f 00 00
R12=0x0000005bd21fc680 is pointing into the stack for thread: 0x000001acc6996c10
R13=0x000001acc69fbc20 points into unknown readable memory: 0x00007ff934a4dec8 | c8 de a4 34 f9 7f 00 00
R14=0x000001acc69f9e78 points into unknown readable memory: 0x00007ff934a03128 | 28 31 a0 34 f9 7f 00 00
R15=0x000001acc69fb6a0 points into unknown readable memory: 0x00007ff934a398d0 | d0 98 a3 34 f9 7f 00 00


Top of Stack: (sp=0x0000005bd21fbd68)
0x0000005bd21fbd68:   000001acc69fba30 0000005bd21fc238
0x0000005bd21fbd78:   0000000000000001 000000000000000b
0x0000005bd21fbd88:   000001acc69fbca8 0000000000000000
0x0000005bd21fbd98:   00007ff9347e650c 0000005bd21fc680
0x0000005bd21fbda8:   00007ff9347e62aa 0000005bd21fc680
0x0000005bd21fbdb8:   000001acc69fb6a0 000001acc69fa4d0
0x0000005bd21fbdc8:   000001acc69fa4d0 0000005bd21fc680
0x0000005bd21fbdd8:   0000000000000005 0000000000000000
0x0000005bd21fbde8:   000001acc69e5f90 000001acc69fbc20
0x0000005bd21fbdf8:   0000005bd21fbf10 0000000000000002
0x0000005bd21fbe08:   00007ff9347e45ae 0000005bd21fc680
0x0000005bd21fbe18:   000001ac0000000c 000001acc69f9e78
0x0000005bd21fbe28:   0000005bd21fbf10 000001acc69f9e78
0x0000005bd21fbe38:   0000005b00000005 000001ac0000000e
0x0000005bd21fbe48:   000001acc69d5800 000001acc69d5900
0x0000005bd21fbe58:   0000005bd21fc010 0000000000000000
0x0000005bd21fbe68:   0000005bd21fc020 000001acc69fb6a0
0x0000005bd21fbe78:   0000000200000007 000001ac00000005
0x0000005bd21fbe88:   000001acc69f9e78 000001acc69e72d0
0x0000005bd21fbe98:   0000000000000000 0000000000000007
0x0000005bd21fbea8:   000001acc69d5950 000001ac00000001
0x0000005bd21fbeb8:   0000000000000160 0000000000000000
0x0000005bd21fbec8:   000001acc69d5960 000001acc69d58f0
0x0000005bd21fbed8:   0000000000000000 000001acc69d5890
0x0000005bd21fbee8:   000001acc69d58c0 000001acc69d5800
0x0000005bd21fbef8:   000001acc69d5860 000001ac00000006
0x0000005bd21fbf08:   000001acc69d5900 000001acc69ef0c0
0x0000005bd21fbf18:   000001acc69ef080 0000000000000002
0x0000005bd21fbf28:   0000000000000000 000001acc6a01f40
0x0000005bd21fbf38:   0000000000000003 0000000000000000
0x0000005bd21fbf48:   0000000000000000 0000000c00000000
0x0000005bd21fbf58:   000001acc69d5830 0000005bd21fc3d0 

Instructions: (pc=0x00007ff934231b53)
0x00007ff934231a53:   4c 8b 7c 24 40 4c 8b 74 24 48 48 8b bc 24 88 00
0x00007ff934231a63:   00 00 48 8b ac 24 80 00 00 00 48 8b 5c 24 78 0f
0x00007ff934231a73:   28 7c 24 20 49 8b 45 10 ff c6 3b 70 40 73 6c 0f
0x00007ff934231a83:   1f 40 00 66 66 0f 1f 84 00 00 00 00 00 48 8b 40
0x00007ff934231a93:   30 4c 8b 04 f0 ff c6 49 8b 44 24 20 8b 48 4c 49
0x00007ff934231aa3:   8b 44 24 08 4c 89 04 c8 41 8b 50 4c 49 8b 44 24
0x00007ff934231ab3:   20 49 8b 4c 24 10 48 89 04 d1 4d 89 44 24 20 49
0x00007ff934231ac3:   8b 45 38 41 8b 50 4c 48 8b 48 08 41 8b 04 24 89
0x00007ff934231ad3:   04 91 49 8b 45 20 41 8b 48 4c 48 c7 04 c8 00 00
0x00007ff934231ae3:   00 00 49 8b 45 10 3b 70 40 72 a2 48 83 c4 50 41
0x00007ff934231af3:   5d 41 5c 5e c3 cc cc cc cc cc cc cc cc 40 53 48
0x00007ff934231b03:   83 ec 20 44 8b 51 28 45 33 c0 4c 8b d9 45 85 d2
0x00007ff934231b13:   74 2d 8b 59 18 45 33 c9 0f 1f 44 00 00 44 3b c3
0x00007ff934231b23:   73 0a 49 8b 43 20 49 8b 0c 01 eb 02 33 c9 48 3b
0x00007ff934231b33:   ca 74 2a 41 ff c0 49 83 c1 08 45 3b c2 34 00 50
0x00007ff934231b43:   01 01 00 00 00 00 00 00 00 01 00 00 00 00 00 00
0x00007ff934231b53:   00 a8 57 56 00 33 c0 48 83 c4 20 5b c3 41 8b c0
0x00007ff934231b63:   48 83 c4 20 5b c3 cc cc cc cc cc cc cc 40 53 48
0x00007ff934231b73:   83 ec 20 48 8b d9 e8 82 ff ff ff 8b d0 48 8d 4b
0x00007ff934231b83:   10 e8 47 44 54 00 ff 4b 28 48 83 c4 20 5b c3 cc
0x00007ff934231b93:   cc cc cc cc cc cc cc cc cc cc cc cc cc 40 53 57
0x00007ff934231ba3:   41 54 41 55 48 83 ec 28 48 8b 59 18 4c 8b e2 48
0x00007ff934231bb3:   8b 79 20 4c 8b e9 48 89 7c 24 50 48 85 db 0f 84
0x00007ff934231bc3:   5d 01 00 00 4c 89 7c 24 20 48 89 6c 24 58 48 89
0x00007ff934231bd3:   74 24 60 4c 89 74 24 68 0f 1f 44 00 00 41 8b 54
0x00007ff934231be3:   24 38 49 8d 4c 24 20 4c 8b c3 8d 42 01 41 89 44
0x00007ff934231bf3:   24 38 e8 a6 14 00 00 41 ff 44 24 40 80 bb 88 00
0x00007ff934231c03:   00 00 00 0f 85 f0 00 00 00 48 8b cb e8 0c 36 21
0x00007ff934231c13:   00 48 3b df 0f 84 df 00 00 00 83 f8 02 0f 85 d6
0x00007ff934231c23:   00 00 00 4c 8b 53 40 8b 4b 4c 49 8b 45 08 49 8b
0x00007ff934231c33:   32 48 8b d6 4c 8b 1c c8 80 be 88 00 00 00 00 74
0x00007ff934231c43:   1c 0f 1f 40 00 0f 1f 84 00 00 00 00 00 48 8b 42 


Stack slot to memory mapping:
stack at sp + 0 slots: 0x000001acc69fba30 points into unknown readable memory: 0x000001acc69fa120 | 20 a1 9f c6 ac 01 00 00
stack at sp + 1 slots: 0x0000005bd21fc238 is pointing into the stack for thread: 0x000001acc6996c10
stack at sp + 2 slots: 0x0000000000000001 is an unknown value
stack at sp + 3 slots: 0x000000000000000b is an unknown value
stack at sp + 4 slots: 0x000001acc69fbca8 points into unknown readable memory: 0x00007ff934a03fb0 | b0 3f a0 34 f9 7f 00 00
stack at sp + 5 slots: 0x0 is NULL
stack at sp + 6 slots: 0x00007ff9347e650c jvm.dll
stack at sp + 7 slots: 0x0000005bd21fc680 is pointing into the stack for thread: 0x000001acc6996c10


---------------  P R O C E S S  ---------------

Threads class SMR info:
_java_thread_list=0x000001acc6b4d090, length=12, elements={
0x000001acacf0c7c0, 0x000001acc66f9e80, 0x000001acc66fad00, 0x000001acc6993000,
0x000001acc6993b90, 0x000001acc6995560, 0x000001acc6995f20, 0x000001acc6996c10,
0x000001acc6998590, 0x000001acc6a20850, 0x000001acc6b69290, 0x000001acc6b7dc60
}

Java Threads: ( => current thread )
  0x000001acacf0c7c0 JavaThread "main" [_thread_blocked, id=7480, stack(0x0000005bd1400000,0x0000005bd1500000)]
  0x000001acc66f9e80 JavaThread "Reference Handler" daemon [_thread_blocked, id=8228, stack(0x0000005bd1b00000,0x0000005bd1c00000)]
  0x000001acc66fad00 JavaThread "Finalizer" daemon [_thread_blocked, id=13112, stack(0x0000005bd1c00000,0x0000005bd1d00000)]
  0x000001acc6993000 JavaThread "Signal Dispatcher" daemon [_thread_blocked, id=7664, stack(0x0000005bd1d00000,0x0000005bd1e00000)]
  0x000001acc6993b90 JavaThread "Attach Listener" daemon [_thread_blocked, id=18264, stack(0x0000005bd1e00000,0x0000005bd1f00000)]
  0x000001acc6995560 JavaThread "Service Thread" daemon [_thread_blocked, id=7840, stack(0x0000005bd1f00000,0x0000005bd2000000)]
  0x000001acc6995f20 JavaThread "Monitor Deflation Thread" daemon [_thread_blocked, id=2660, stack(0x0000005bd2000000,0x0000005bd2100000)]
=>0x000001acc6996c10 JavaThread "C2 CompilerThread0" daemon [_thread_in_vm, id=16784, stack(0x0000005bd2100000,0x0000005bd2200000)]
  0x000001acc6998590 JavaThread "C1 CompilerThread0" daemon [_thread_blocked, id=15484, stack(0x0000005bd2200000,0x0000005bd2300000)]
  0x000001acc6a20850 JavaThread "Sweeper thread" daemon [_thread_blocked, id=8912, stack(0x0000005bd2300000,0x0000005bd2400000)]
  0x000001acc6b69290 JavaThread "Notification Thread" daemon [_thread_blocked, id=15028, stack(0x0000005bd2400000,0x0000005bd2500000)]
  0x000001acc6b7dc60 JavaThread "Common-Cleaner" daemon [_thread_blocked, id=8496, stack(0x0000005bd2600000,0x0000005bd2700000)]

Other Threads:
  0x000001acc66f39c0 VMThread "VM Thread" [stack: 0x0000005bd1a00000,0x0000005bd1b00000] [id=6196] _threads_hazard_ptr=0x000001acc6b4d090
  0x000001acc6a479f0 WatcherThread [stack: 0x0000005bd2500000,0x0000005bd2600000] [id=6924]
  0x000001acacf679f0 GCTaskThread "GC Thread#0" [stack: 0x0000005bd1500000,0x0000005bd1600000] [id=14268]
  0x000001acacf78680 ConcurrentGCThread "G1 Main Marker" [stack: 0x0000005bd1600000,0x0000005bd1700000] [id=12016]
  0x000001acacf790a0 ConcurrentGCThread "G1 Conc#0" [stack: 0x0000005bd1700000,0x0000005bd1800000] [id=8856]
  0x000001acacfcd120 ConcurrentGCThread "G1 Refine#0" [stack: 0x0000005bd1800000,0x0000005bd1900000] [id=7564]
  0x000001acc65620b0 ConcurrentGCThread "G1 Service" [stack: 0x0000005bd1900000,0x0000005bd1a00000] [id=12500]

Threads with active compile tasks:

VM state: not at safepoint (normal execution)

VM Mutex/Monitor currently owned by a thread:  ([mutex/lock_event])
[0x000001acacf06d60] Compile_lock - owner thread: 0x000001acacf0c7c0

Heap address: 0x0000000081600000, size: 2026 MB, Compressed Oops mode: 32-bit

CDS archive(s) not mapped
Compressed class space mapped at: 0x0000000100000000-0x0000000140000000, reserved size: 1073741824
Narrow klass base: 0x0000000000000000, Narrow klass shift: 3, Narrow klass range: 0x140000000

GC Precious Log:
 CPUs: 4 total, 4 available
 Memory: 8097M
 Large Page Support: Disabled
 NUMA Support: Disabled
 Compressed Oops: Enabled (32-bit)
 Heap Region Size: 1M
 Heap Min Capacity: 8M
 Heap Initial Capacity: 128M
 Heap Max Capacity: 2026M
 Pre-touch: Disabled
 Parallel Workers: 4
 Concurrent Workers: 1
 Concurrent Refinement Workers: 4
 Periodic GC: Disabled

Heap:
 garbage-first heap   total 131072K, used 1024K [0x0000000081600000, 0x0000000100000000)
  region size 1024K, 2 young (2048K), 0 survivors (0K)
 Metaspace       used 4763K, committed 4928K, reserved 1114112K
  class space    used 411K, committed 512K, reserved 1048576K

Heap Regions: E=young(eden), S=young(survivor), O=old, HS=humongous(starts), HC=humongous(continues), CS=collection set, F=free, OA=open archive, CA=closed archive, TAMS=top-at-mark-start (previous, next)
|   0|0x0000000081600000, 0x0000000081600000, 0x0000000081700000|  0%| F|  |TAMS 0x0000000081600000, 0x0000000081600000| Untracked 
|   1|0x0000000081700000, 0x0000000081700000, 0x0000000081800000|  0%| F|  |TAMS 0x0000000081700000, 0x0000000081700000| Untracked 
|   2|0x0000000081800000, 0x0000000081800000, 0x0000000081900000|  0%| F|  |TAMS 0x0000000081800000, 0x0000000081800000| Untracked 
|   3|0x0000000081900000, 0x0000000081900000, 0x0000000081a00000|  0%| F|  |TAMS 0x0000000081900000, 0x0000000081900000| Untracked 
|   4|0x0000000081a00000, 0x0000000081a00000, 0x0000000081b00000|  0%| F|  |TAMS 0x0000000081a00000, 0x0000000081a00000| Untracked 
|   5|0x0000000081b00000, 0x0000000081b00000, 0x0000000081c00000|  0%| F|  |TAMS 0x0000000081b00000, 0x0000000081b00000| Untracked 
|   6|0x0000000081c00000, 0x0000000081c00000, 0x0000000081d00000|  0%| F|  |TAMS 0x0000000081c00000, 0x0000000081c00000| Untracked 
|   7|0x0000000081d00000, 0x0000000081d00000, 0x0000000081e00000|  0%| F|  |TAMS 0x0000000081d00000, 0x0000000081d00000| Untracked 
|   8|0x0000000081e00000, 0x0000000081e00000, 0x0000000081f00000|  0%| F|  |TAMS 0x0000000081e00000, 0x0000000081e00000| Untracked 
|   9|0x0000000081f00000, 0x0000000081f00000, 0x0000000082000000|  0%| F|  |TAMS 0x0000000081f00000, 0x0000000081f00000| Untracked 
|  10|0x0000000082000000, 0x0000000082000000, 0x0000000082100000|  0%| F|  |TAMS 0x0000000082000000, 0x0000000082000000| Untracked 
|  11|0x0000000082100000, 0x0000000082100000, 0x0000000082200000|  0%| F|  |TAMS 0x0000000082100000, 0x0000000082100000| Untracked 
|  12|0x0000000082200000, 0x0000000082200000, 0x0000000082300000|  0%| F|  |TAMS 0x0000000082200000, 0x0000000082200000| Untracked 
|  13|0x0000000082300000, 0x0000000082300000, 0x0000000082400000|  0%| F|  |TAMS 0x0000000082300000, 0x0000000082300000| Untracked 
|  14|0x0000000082400000, 0x0000000082400000, 0x0000000082500000|  0%| F|  |TAMS 0x0000000082400000, 0x0000000082400000| Untracked 
|  15|0x0000000082500000, 0x0000000082500000, 0x0000000082600000|  0%| F|  |TAMS 0x0000000082500000, 0x0000000082500000| Untracked 
|  16|0x0000000082600000, 0x0000000082600000, 0x0000000082700000|  0%| F|  |TAMS 0x0000000082600000, 0x0000000082600000| Untracked 
|  17|0x0000000082700000, 0x0000000082700000, 0x0000000082800000|  0%| F|  |TAMS 0x0000000082700000, 0x0000000082700000| Untracked 
|  18|0x0000000082800000, 0x0000000082800000, 0x0000000082900000|  0%| F|  |TAMS 0x0000000082800000, 0x0000000082800000| Untracked 
|  19|0x0000000082900000, 0x0000000082900000, 0x0000000082a00000|  0%| F|  |TAMS 0x0000000082900000, 0x0000000082900000| Untracked 
|  20|0x0000000082a00000, 0x0000000082a00000, 0x0000000082b00000|  0%| F|  |TAMS 0x0000000082a00000, 0x0000000082a00000| Untracked 
|  21|0x0000000082b00000, 0x0000000082b00000, 0x0000000082c00000|  0%| F|  |TAMS 0x0000000082b00000, 0x0000000082b00000| Untracked 
|  22|0x0000000082c00000, 0x0000000082c00000, 0x0000000082d00000|  0%| F|  |TAMS 0x0000000082c00000, 0x0000000082c00000| Untracked 
|  23|0x0000000082d00000, 0x0000000082d00000, 0x0000000082e00000|  0%| F|  |TAMS 0x0000000082d00000, 0x0000000082d00000| Untracked 
|  24|0x0000000082e00000, 0x0000000082e00000, 0x0000000082f00000|  0%| F|  |TAMS 0x0000000082e00000, 0x0000000082e00000| Untracked 
|  25|0x0000000082f00000, 0x0000000082f00000, 0x0000000083000000|  0%| F|  |TAMS 0x0000000082f00000, 0x0000000082f00000| Untracked 
|  26|0x0000000083000000, 0x0000000083000000, 0x0000000083100000|  0%| F|  |TAMS 0x0000000083000000, 0x0000000083000000| Untracked 
|  27|0x0000000083100000, 0x0000000083100000, 0x0000000083200000|  0%| F|  |TAMS 0x0000000083100000, 0x0000000083100000| Untracked 
|  28|0x0000000083200000, 0x0000000083200000, 0x0000000083300000|  0%| F|  |TAMS 0x0000000083200000, 0x0000000083200000| Untracked 
|  29|0x0000000083300000, 0x0000000083300000, 0x0000000083400000|  0%| F|  |TAMS 0x0000000083300000, 0x0000000083300000| Untracked 
|  30|0x0000000083400000, 0x0000000083400000, 0x0000000083500000|  0%| F|  |TAMS 0x0000000083400000, 0x0000000083400000| Untracked 
|  31|0x0000000083500000, 0x0000000083500000, 0x0000000083600000|  0%| F|  |TAMS 0x0000000083500000, 0x0000000083500000| Untracked 
|  32|0x0000000083600000, 0x0000000083600000, 0x0000000083700000|  0%| F|  |TAMS 0x0000000083600000, 0x0000000083600000| Untracked 
|  33|0x0000000083700000, 0x0000000083700000, 0x0000000083800000|  0%| F|  |TAMS 0x0000000083700000, 0x0000000083700000| Untracked 
|  34|0x0000000083800000, 0x0000000083800000, 0x0000000083900000|  0%| F|  |TAMS 0x0000000083800000, 0x0000000083800000| Untracked 
|  35|0x0000000083900000, 0x0000000083900000, 0x0000000083a00000|  0%| F|  |TAMS 0x0000000083900000, 0x0000000083900000| Untracked 
|  36|0x0000000083a00000, 0x0000000083a00000, 0x0000000083b00000|  0%| F|  |TAMS 0x0000000083a00000, 0x0000000083a00000| Untracked 
|  37|0x0000000083b00000, 0x0000000083b00000, 0x0000000083c00000|  0%| F|  |TAMS 0x0000000083b00000, 0x0000000083b00000| Untracked 
|  38|0x0000000083c00000, 0x0000000083c00000, 0x0000000083d00000|  0%| F|  |TAMS 0x0000000083c00000, 0x0000000083c00000| Untracked 
|  39|0x0000000083d00000, 0x0000000083d00000, 0x0000000083e00000|  0%| F|  |TAMS 0x0000000083d00000, 0x0000000083d00000| Untracked 
|  40|0x0000000083e00000, 0x0000000083e00000, 0x0000000083f00000|  0%| F|  |TAMS 0x0000000083e00000, 0x0000000083e00000| Untracked 
|  41|0x0000000083f00000, 0x0000000083f00000, 0x0000000084000000|  0%| F|  |TAMS 0x0000000083f00000, 0x0000000083f00000| Untracked 
|  42|0x0000000084000000, 0x0000000084000000, 0x0000000084100000|  0%| F|  |TAMS 0x0000000084000000, 0x0000000084000000| Untracked 
|  43|0x0000000084100000, 0x0000000084100000, 0x0000000084200000|  0%| F|  |TAMS 0x0000000084100000, 0x0000000084100000| Untracked 
|  44|0x0000000084200000, 0x0000000084200000, 0x0000000084300000|  0%| F|  |TAMS 0x0000000084200000, 0x0000000084200000| Untracked 
|  45|0x0000000084300000, 0x0000000084300000, 0x0000000084400000|  0%| F|  |TAMS 0x0000000084300000, 0x0000000084300000| Untracked 
|  46|0x0000000084400000, 0x0000000084400000, 0x0000000084500000|  0%| F|  |TAMS 0x0000000084400000, 0x0000000084400000| Untracked 
|  47|0x0000000084500000, 0x0000000084500000, 0x0000000084600000|  0%| F|  |TAMS 0x0000000084500000, 0x0000000084500000| Untracked 
|  48|0x0000000084600000, 0x0000000084600000, 0x0000000084700000|  0%| F|  |TAMS 0x0000000084600000, 0x0000000084600000| Untracked 
|  49|0x0000000084700000, 0x0000000084700000, 0x0000000084800000|  0%| F|  |TAMS 0x0000000084700000, 0x0000000084700000| Untracked 
|  50|0x0000000084800000, 0x0000000084800000, 0x0000000084900000|  0%| F|  |TAMS 0x0000000084800000, 0x0000000084800000| Untracked 
|  51|0x0000000084900000, 0x0000000084900000, 0x0000000084a00000|  0%| F|  |TAMS 0x0000000084900000, 0x0000000084900000| Untracked 
|  52|0x0000000084a00000, 0x0000000084a00000, 0x0000000084b00000|  0%| F|  |TAMS 0x0000000084a00000, 0x0000000084a00000| Untracked 
|  53|0x0000000084b00000, 0x0000000084b00000, 0x0000000084c00000|  0%| F|  |TAMS 0x0000000084b00000, 0x0000000084b00000| Untracked 
|  54|0x0000000084c00000, 0x0000000084c00000, 0x0000000084d00000|  0%| F|  |TAMS 0x0000000084c00000, 0x0000000084c00000| Untracked 
|  55|0x0000000084d00000, 0x0000000084d00000, 0x0000000084e00000|  0%| F|  |TAMS 0x0000000084d00000, 0x0000000084d00000| Untracked 
|  56|0x0000000084e00000, 0x0000000084e00000, 0x0000000084f00000|  0%| F|  |TAMS 0x0000000084e00000, 0x0000000084e00000| Untracked 
|  57|0x0000000084f00000, 0x0000000084f00000, 0x0000000085000000|  0%| F|  |TAMS 0x0000000084f00000, 0x0000000084f00000| Untracked 
|  58|0x0000000085000000, 0x0000000085000000, 0x0000000085100000|  0%| F|  |TAMS 0x0000000085000000, 0x0000000085000000| Untracked 
|  59|0x0000000085100000, 0x0000000085100000, 0x0000000085200000|  0%| F|  |TAMS 0x0000000085100000, 0x0000000085100000| Untracked 
|  60|0x0000000085200000, 0x0000000085200000, 0x0000000085300000|  0%| F|  |TAMS 0x0000000085200000, 0x0000000085200000| Untracked 
|  61|0x0000000085300000, 0x0000000085300000, 0x0000000085400000|  0%| F|  |TAMS 0x0000000085300000, 0x0000000085300000| Untracked 
|  62|0x0000000085400000, 0x0000000085400000, 0x0000000085500000|  0%| F|  |TAMS 0x0000000085400000, 0x0000000085400000| Untracked 
|  63|0x0000000085500000, 0x0000000085500000, 0x0000000085600000|  0%| F|  |TAMS 0x0000000085500000, 0x0000000085500000| Untracked 
|  64|0x0000000085600000, 0x0000000085600000, 0x0000000085700000|  0%| F|  |TAMS 0x0000000085600000, 0x0000000085600000| Untracked 
|  65|0x0000000085700000, 0x0000000085700000, 0x0000000085800000|  0%| F|  |TAMS 0x0000000085700000, 0x0000000085700000| Untracked 
|  66|0x0000000085800000, 0x0000000085800000, 0x0000000085900000|  0%| F|  |TAMS 0x0000000085800000, 0x0000000085800000| Untracked 
|  67|0x0000000085900000, 0x0000000085900000, 0x0000000085a00000|  0%| F|  |TAMS 0x0000000085900000, 0x0000000085900000| Untracked 
|  68|0x0000000085a00000, 0x0000000085a00000, 0x0000000085b00000|  0%| F|  |TAMS 0x0000000085a00000, 0x0000000085a00000| Untracked 
|  69|0x0000000085b00000, 0x0000000085b00000, 0x0000000085c00000|  0%| F|  |TAMS 0x0000000085b00000, 0x0000000085b00000| Untracked 
|  70|0x0000000085c00000, 0x0000000085c00000, 0x0000000085d00000|  0%| F|  |TAMS 0x0000000085c00000, 0x0000000085c00000| Untracked 
|  71|0x0000000085d00000, 0x0000000085d00000, 0x0000000085e00000|  0%| F|  |TAMS 0x0000000085d00000, 0x0000000085d00000| Untracked 
|  72|0x0000000085e00000, 0x0000000085e00000, 0x0000000085f00000|  0%| F|  |TAMS 0x0000000085e00000, 0x0000000085e00000| Untracked 
|  73|0x0000000085f00000, 0x0000000085f00000, 0x0000000086000000|  0%| F|  |TAMS 0x0000000085f00000, 0x0000000085f00000| Untracked 
|  74|0x0000000086000000, 0x0000000086000000, 0x0000000086100000|  0%| F|  |TAMS 0x0000000086000000, 0x0000000086000000| Untracked 
|  75|0x0000000086100000, 0x0000000086100000, 0x0000000086200000|  0%| F|  |TAMS 0x0000000086100000, 0x0000000086100000| Untracked 
|  76|0x0000000086200000, 0x0000000086200000, 0x0000000086300000|  0%| F|  |TAMS 0x0000000086200000, 0x0000000086200000| Untracked 
|  77|0x0000000086300000, 0x0000000086300000, 0x0000000086400000|  0%| F|  |TAMS 0x0000000086300000, 0x0000000086300000| Untracked 
|  78|0x0000000086400000, 0x0000000086400000, 0x0000000086500000|  0%| F|  |TAMS 0x0000000086400000, 0x0000000086400000| Untracked 
|  79|0x0000000086500000, 0x0000000086500000, 0x0000000086600000|  0%| F|  |TAMS 0x0000000086500000, 0x0000000086500000| Untracked 
|  80|0x0000000086600000, 0x0000000086600000, 0x0000000086700000|  0%| F|  |TAMS 0x0000000086600000, 0x0000000086600000| Untracked 
|  81|0x0000000086700000, 0x0000000086700000, 0x0000000086800000|  0%| F|  |TAMS 0x0000000086700000, 0x0000000086700000| Untracked 
|  82|0x0000000086800000, 0x0000000086800000, 0x0000000086900000|  0%| F|  |TAMS 0x0000000086800000, 0x0000000086800000| Untracked 
|  83|0x0000000086900000, 0x0000000086900000, 0x0000000086a00000|  0%| F|  |TAMS 0x0000000086900000, 0x0000000086900000| Untracked 
|  84|0x0000000086a00000, 0x0000000086a00000, 0x0000000086b00000|  0%| F|  |TAMS 0x0000000086a00000, 0x0000000086a00000| Untracked 
|  85|0x0000000086b00000, 0x0000000086b00000, 0x0000000086c00000|  0%| F|  |TAMS 0x0000000086b00000, 0x0000000086b00000| Untracked 
|  86|0x0000000086c00000, 0x0000000086c00000, 0x0000000086d00000|  0%| F|  |TAMS 0x0000000086c00000, 0x0000000086c00000| Untracked 
|  87|0x0000000086d00000, 0x0000000086d00000, 0x0000000086e00000|  0%| F|  |TAMS 0x0000000086d00000, 0x0000000086d00000| Untracked 
|  88|0x0000000086e00000, 0x0000000086e00000, 0x0000000086f00000|  0%| F|  |TAMS 0x0000000086e00000, 0x0000000086e00000| Untracked 
|  89|0x0000000086f00000, 0x0000000086f00000, 0x0000000087000000|  0%| F|  |TAMS 0x0000000086f00000, 0x0000000086f00000| Untracked 
|  90|0x0000000087000000, 0x0000000087000000, 0x0000000087100000|  0%| F|  |TAMS 0x0000000087000000, 0x0000000087000000| Untracked 
|  91|0x0000000087100000, 0x0000000087100000, 0x0000000087200000|  0%| F|  |TAMS 0x0000000087100000, 0x0000000087100000| Untracked 
|  92|0x0000000087200000, 0x0000000087200000, 0x0000000087300000|  0%| F|  |TAMS 0x0000000087200000, 0x0000000087200000| Untracked 
|  93|0x0000000087300000, 0x0000000087300000, 0x0000000087400000|  0%| F|  |TAMS 0x0000000087300000, 0x0000000087300000| Untracked 
|  94|0x0000000087400000, 0x0000000087400000, 0x0000000087500000|  0%| F|  |TAMS 0x0000000087400000, 0x0000000087400000| Untracked 
|  95|0x0000000087500000, 0x0000000087500000, 0x0000000087600000|  0%| F|  |TAMS 0x0000000087500000, 0x0000000087500000| Untracked 
|  96|0x0000000087600000, 0x0000000087600000, 0x0000000087700000|  0%| F|  |TAMS 0x0000000087600000, 0x0000000087600000| Untracked 
|  97|0x0000000087700000, 0x0000000087700000, 0x0000000087800000|  0%| F|  |TAMS 0x0000000087700000, 0x0000000087700000| Untracked 
|  98|0x0000000087800000, 0x0000000087800000, 0x0000000087900000|  0%| F|  |TAMS 0x0000000087800000, 0x0000000087800000| Untracked 
|  99|0x0000000087900000, 0x0000000087900000, 0x0000000087a00000|  0%| F|  |TAMS 0x0000000087900000, 0x0000000087900000| Untracked 
| 100|0x0000000087a00000, 0x0000000087a00000, 0x0000000087b00000|  0%| F|  |TAMS 0x0000000087a00000, 0x0000000087a00000| Untracked 
| 101|0x0000000087b00000, 0x0000000087b00000, 0x0000000087c00000|  0%| F|  |TAMS 0x0000000087b00000, 0x0000000087b00000| Untracked 
| 102|0x0000000087c00000, 0x0000000087c00000, 0x0000000087d00000|  0%| F|  |TAMS 0x0000000087c00000, 0x0000000087c00000| Untracked 
| 103|0x0000000087d00000, 0x0000000087d00000, 0x0000000087e00000|  0%| F|  |TAMS 0x0000000087d00000, 0x0000000087d00000| Untracked 
| 104|0x0000000087e00000, 0x0000000087e00000, 0x0000000087f00000|  0%| F|  |TAMS 0x0000000087e00000, 0x0000000087e00000| Untracked 
| 105|0x0000000087f00000, 0x0000000087f00000, 0x0000000088000000|  0%| F|  |TAMS 0x0000000087f00000, 0x0000000087f00000| Untracked 
| 106|0x0000000088000000, 0x0000000088000000, 0x0000000088100000|  0%| F|  |TAMS 0x0000000088000000, 0x0000000088000000| Untracked 
| 107|0x0000000088100000, 0x0000000088100000, 0x0000000088200000|  0%| F|  |TAMS 0x0000000088100000, 0x0000000088100000| Untracked 
| 108|0x0000000088200000, 0x0000000088200000, 0x0000000088300000|  0%| F|  |TAMS 0x0000000088200000, 0x0000000088200000| Untracked 
| 109|0x0000000088300000, 0x0000000088300000, 0x0000000088400000|  0%| F|  |TAMS 0x0000000088300000, 0x0000000088300000| Untracked 
| 110|0x0000000088400000, 0x0000000088400000, 0x0000000088500000|  0%| F|  |TAMS 0x0000000088400000, 0x0000000088400000| Untracked 
| 111|0x0000000088500000, 0x0000000088500000, 0x0000000088600000|  0%| F|  |TAMS 0x0000000088500000, 0x0000000088500000| Untracked 
| 112|0x0000000088600000, 0x0000000088600000, 0x0000000088700000|  0%| F|  |TAMS 0x0000000088600000, 0x0000000088600000| Untracked 
| 113|0x0000000088700000, 0x0000000088700000, 0x0000000088800000|  0%| F|  |TAMS 0x0000000088700000, 0x0000000088700000| Untracked 
| 114|0x0000000088800000, 0x0000000088800000, 0x0000000088900000|  0%| F|  |TAMS 0x0000000088800000, 0x0000000088800000| Untracked 
| 115|0x0000000088900000, 0x0000000088900000, 0x0000000088a00000|  0%| F|  |TAMS 0x0000000088900000, 0x0000000088900000| Untracked 
| 116|0x0000000088a00000, 0x0000000088a00000, 0x0000000088b00000|  0%| F|  |TAMS 0x0000000088a00000, 0x0000000088a00000| Untracked 
| 117|0x0000000088b00000, 0x0000000088b00000, 0x0000000088c00000|  0%| F|  |TAMS 0x0000000088b00000, 0x0000000088b00000| Untracked 
| 118|0x0000000088c00000, 0x0000000088c00000, 0x0000000088d00000|  0%| F|  |TAMS 0x0000000088c00000, 0x0000000088c00000| Untracked 
| 119|0x0000000088d00000, 0x0000000088d00000, 0x0000000088e00000|  0%| F|  |TAMS 0x0000000088d00000, 0x0000000088d00000| Untracked 
| 120|0x0000000088e00000, 0x0000000088e00000, 0x0000000088f00000|  0%| F|  |TAMS 0x0000000088e00000, 0x0000000088e00000| Untracked 
| 121|0x0000000088f00000, 0x0000000088f00000, 0x0000000089000000|  0%| F|  |TAMS 0x0000000088f00000, 0x0000000088f00000| Untracked 
| 122|0x0000000089000000, 0x0000000089000000, 0x0000000089100000|  0%| F|  |TAMS 0x0000000089000000, 0x0000000089000000| Untracked 
| 123|0x0000000089100000, 0x0000000089100000, 0x0000000089200000|  0%| F|  |TAMS 0x0000000089100000, 0x0000000089100000| Untracked 
| 124|0x0000000089200000, 0x0000000089200000, 0x0000000089300000|  0%| F|  |TAMS 0x0000000089200000, 0x0000000089200000| Untracked 
| 125|0x0000000089300000, 0x0000000089300000, 0x0000000089400000|  0%| F|  |TAMS 0x0000000089300000, 0x0000000089300000| Untracked 
| 126|0x0000000089400000, 0x0000000089443108, 0x0000000089500000| 26%| E|  |TAMS 0x0000000089400000, 0x0000000089400000| Complete 
| 127|0x0000000089500000, 0x0000000089600000, 0x0000000089600000|100%| E|CS|TAMS 0x0000000089500000, 0x0000000089500000| Complete 

Card table byte_map: [0x000001acbfaa0000,0x000001acbfea0000] _byte_map_base: 0x000001acbf695000

Marking Bits (Prev, Next): (CMBitMap*) 0x000001acacf68010, (CMBitMap*) 0x000001acacf68050
 Prev Bits: [0x000001acc02a0000, 0x000001acc2248000)
 Next Bits: [0x000001acc2250000, 0x000001acc41f8000)

Polling page: 0x000001acaae70000

Metaspace:

Usage:
  Non-class:      4.25 MB used.
      Class:    411.73 KB used.
       Both:      4.65 MB used.

Virtual space:
  Non-class space:       64.00 MB reserved,       4.31 MB (  7%) committed,  1 nodes.
      Class space:        1.00 GB reserved,     512.00 KB ( <1%) committed,  1 nodes.
             Both:        1.06 GB reserved,       4.81 MB ( <1%) committed. 

Chunk freelists:
   Non-Class:  10.99 MB
       Class:  15.56 MB
        Both:  26.55 MB

MaxMetaspaceSize: unlimited
CompressedClassSpaceSize: 1.00 GB
Initial GC threshold: 21.00 MB
Current GC threshold: 21.00 MB
CDS: off
MetaspaceReclaimPolicy: balanced
 - commit_granule_bytes: 65536.
 - commit_granule_words: 8192.
 - virtual_space_node_default_size: 8388608.
 - enlarge_chunks_in_place: 1.
 - new_chunks_are_fully_committed: 0.
 - uncommit_free_chunks: 1.
 - use_allocation_guard: 0.
 - handle_deallocations: 1.


Internal statistics:

num_allocs_failed_limit: 0.
num_arena_births: 4.
num_arena_deaths: 0.
num_vsnodes_births: 2.
num_vsnodes_deaths: 0.
num_space_committed: 77.
num_space_uncommitted: 0.
num_chunks_returned_to_freelist: 0.
num_chunks_taken_from_freelist: 9.
num_chunk_merges: 0.
num_chunk_splits: 5.
num_chunks_enlarged: 1.
num_inconsistent_stats: 0.

CodeHeap 'non-profiled nmethods': size=120000Kb used=10Kb max_used=10Kb free=119989Kb
 bounds [0x000001acb8170000, 0x000001acb83e0000, 0x000001acbf6a0000]
CodeHeap 'profiled nmethods': size=120000Kb used=105Kb max_used=105Kb free=119894Kb
 bounds [0x000001acb06a0000, 0x000001acb0910000, 0x000001acb7bd0000]
CodeHeap 'non-nmethods': size=5760Kb used=1040Kb max_used=1040Kb free=4719Kb
 bounds [0x000001acb7bd0000, 0x000001acb7e40000, 0x000001acb8170000]
 total_blobs=376 nmethods=79 adapters=224
 compilation: enabled
              stopped_count=0, restarted_count=0
 full_count=0

Compilation events (0 events):
No events

GC Heap History (0 events):
No events

Dll operation events (1 events):
Event: 0.109 Loaded shared library C:\Program Files\JetBrains\PhpStorm 2024.1.2\jbr\bin\java.dll

Deoptimization events (0 events):
No events

Classes unloaded (0 events):
No events

Classes redefined (0 events):
No events

Internal exceptions (0 events):
No events

VM Operations (0 events):
No events

Events (20 events):
Event: 0.330 loading class jdk/internal/misc/OSEnvironment
Event: 0.330 loading class jdk/internal/misc/OSEnvironment done
Event: 0.330 loading class sun/io/Win32ErrorMode
Event: 0.330 loading class sun/io/Win32ErrorMode done
Event: 0.330 loading class java/util/Collections
Event: 0.331 loading class java/util/Collections done
Event: 0.331 loading class java/util/Collections$EmptySet
Event: 0.331 loading class java/util/Collections$EmptySet done
Event: 0.331 loading class java/util/Collections$EmptyList
Event: 0.331 loading class java/util/Collections$EmptyList done
Event: 0.331 loading class java/util/Collections$EmptyMap
Event: 0.331 loading class java/util/Collections$EmptyMap done
Event: 0.331 loading class java/lang/IllegalArgumentException
Event: 0.332 loading class java/lang/IllegalArgumentException done
Event: 0.332 Thread 0x000001acc6993000 Thread added: 0x000001acc6993000
Event: 0.332 Thread 0x000001acc6993b90 Thread added: 0x000001acc6993b90
Event: 0.332 Thread 0x000001acc6995560 Thread added: 0x000001acc6995560
Event: 0.332 Thread 0x000001acc6995f20 Thread added: 0x000001acc6995f20
Event: 0.332 Thread 0x000001acc6996c10 Thread added: 0x000001acc6996c10
Event: 0.356 Thread 0x000001acc6998590 Thread added: 0x000001acc6998590


Dynamic libraries:
0x00007ff601b20000 - 0x00007ff601b2a000 	C:\Program Files\JetBrains\PhpStorm 2024.1.2\jbr\bin\java.exe
0x00007ff97b670000 - 0x00007ff97b868000 	C:\WINDOWS\SYSTEM32\ntdll.dll
0x00007ff979e80000 - 0x00007ff979f3d000 	C:\WINDOWS\System32\KERNEL32.DLL
0x00007ff9793b0000 - 0x00007ff9796a6000 	C:\WINDOWS\System32\KERNELBASE.dll
0x00007ff968340000 - 0x00007ff968357000 	C:\Program Files\JetBrains\PhpStorm 2024.1.2\jbr\bin\jli.dll
0x00007ff967b80000 - 0x00007ff967b9b000 	C:\Program Files\JetBrains\PhpStorm 2024.1.2\jbr\bin\VCRUNTIME140.dll
0x00007ff96a490000 - 0x00007ff96a72a000 	C:\WINDOWS\WinSxS\amd64_microsoft.windows.common-controls_6595b64144ccf1df_6.0.19041.4355_none_60b8b9eb71f62e16\COMCTL32.dll
0x00007ff97a680000 - 0x00007ff97a81f000 	C:\WINDOWS\System32\USER32.dll
0x00007ff9792f0000 - 0x00007ff979312000 	C:\WINDOWS\System32\win32u.dll
0x00007ff97b5a0000 - 0x00007ff97b5cb000 	C:\WINDOWS\System32\GDI32.dll
0x00007ff978de0000 - 0x00007ff978ef7000 	C:\WINDOWS\System32\gdi32full.dll
0x00007ff978fc0000 - 0x00007ff97905d000 	C:\WINDOWS\System32\msvcp_win.dll
0x00007ff97aa80000 - 0x00007ff97ab1e000 	C:\WINDOWS\System32\msvcrt.dll
0x00007ff979090000 - 0x00007ff979190000 	C:\WINDOWS\System32\ucrtbase.dll
0x00007ff97a250000 - 0x00007ff97a27f000 	C:\WINDOWS\System32\IMM32.DLL
0x00007ff970ca0000 - 0x00007ff970cac000 	C:\Program Files\JetBrains\PhpStorm 2024.1.2\jbr\bin\vcruntime140_1.dll
0x00007ff9483b0000 - 0x00007ff94843d000 	C:\Program Files\JetBrains\PhpStorm 2024.1.2\jbr\bin\msvcp140.dll
0x00007ff934110000 - 0x00007ff934d93000 	C:\Program Files\JetBrains\PhpStorm 2024.1.2\jbr\bin\server\jvm.dll
0x00007ff97ab90000 - 0x00007ff97ac40000 	C:\WINDOWS\System32\ADVAPI32.dll
0x00007ff97b500000 - 0x00007ff97b5a0000 	C:\WINDOWS\System32\sechost.dll
0x00007ff97a950000 - 0x00007ff97aa73000 	C:\WINDOWS\System32\RPCRT4.dll
0x00007ff979060000 - 0x00007ff979087000 	C:\WINDOWS\System32\bcrypt.dll
0x00007ff978b80000 - 0x00007ff978bcb000 	C:\WINDOWS\SYSTEM32\POWRPROF.dll
0x00007ff975640000 - 0x00007ff975649000 	C:\WINDOWS\SYSTEM32\WSOCK32.dll
0x00007ff97ab20000 - 0x00007ff97ab8b000 	C:\WINDOWS\System32\WS2_32.dll
0x00007ff96c6d0000 - 0x00007ff96c6f7000 	C:\WINDOWS\SYSTEM32\WINMM.dll
0x00007ff9687b0000 - 0x00007ff9687ba000 	C:\WINDOWS\SYSTEM32\VERSION.dll
0x00007ff978b60000 - 0x00007ff978b72000 	C:\WINDOWS\SYSTEM32\UMPDC.dll
0x00007ff976be0000 - 0x00007ff976bf2000 	C:\WINDOWS\SYSTEM32\kernel.appcore.dll
0x00007ff972610000 - 0x00007ff97261a000 	C:\Program Files\JetBrains\PhpStorm 2024.1.2\jbr\bin\jimage.dll
0x00007ff970e70000 - 0x00007ff971054000 	C:\WINDOWS\SYSTEM32\DBGHELP.DLL
0x00007ff964090000 - 0x00007ff9640c4000 	C:\WINDOWS\SYSTEM32\dbgcore.DLL
0x00007ff979320000 - 0x00007ff9793a2000 	C:\WINDOWS\System32\bcryptPrimitives.dll
0x00007ff95dee0000 - 0x00007ff95df05000 	C:\Program Files\JetBrains\PhpStorm 2024.1.2\jbr\bin\java.dll
0x00007ff95c360000 - 0x00007ff95c378000 	C:\Program Files\JetBrains\PhpStorm 2024.1.2\jbr\bin\zip.dll
0x00007ff97ad90000 - 0x00007ff97b4fc000 	C:\WINDOWS\System32\SHELL32.dll
0x00007ff976d70000 - 0x00007ff97750d000 	C:\WINDOWS\SYSTEM32\windows.storage.dll
0x00007ff9796b0000 - 0x00007ff979a03000 	C:\WINDOWS\System32\combase.dll
0x00007ff9786e0000 - 0x00007ff97870e000 	C:\WINDOWS\SYSTEM32\Wldp.dll
0x00007ff97ac40000 - 0x00007ff97ad0d000 	C:\WINDOWS\System32\OLEAUT32.dll
0x00007ff97a5d0000 - 0x00007ff97a67d000 	C:\WINDOWS\System32\SHCORE.dll
0x00007ff97a430000 - 0x00007ff97a485000 	C:\WINDOWS\System32\shlwapi.dll
0x00007ff978c60000 - 0x00007ff978c84000 	C:\WINDOWS\SYSTEM32\profapi.dll
0x00007ff95c340000 - 0x00007ff95c359000 	C:\Program Files\JetBrains\PhpStorm 2024.1.2\jbr\bin\net.dll
0x00007ff96ed10000 - 0x00007ff96ee1a000 	C:\WINDOWS\SYSTEM32\WINHTTP.dll
0x00007ff9783a0000 - 0x00007ff97840a000 	C:\WINDOWS\system32\mswsock.dll
0x00007ff95c320000 - 0x00007ff95c336000 	C:\Program Files\JetBrains\PhpStorm 2024.1.2\jbr\bin\nio.dll

dbghelp: loaded successfully - version: 4.0.5 - missing functions: none
symbol engine: initialized successfully - sym options: 0x614 - pdb path: .;C:\Program Files\JetBrains\PhpStorm 2024.1.2\jbr\bin;C:\WINDOWS\SYSTEM32;C:\WINDOWS\WinSxS\amd64_microsoft.windows.common-controls_6595b64144ccf1df_6.0.19041.4355_none_60b8b9eb71f62e16;C:\Program Files\JetBrains\PhpStorm 2024.1.2\jbr\bin\server

VM Arguments:
java_command: git4idea.http.GitAskPassApp Username for 'https://github.com': 
java_class_path (initial): C:/Program Files/JetBrains/PhpStorm 2024.1.2/plugins/vcs-git/lib/git4idea-rt.jar;C:/Program Files/JetBrains/PhpStorm 2024.1.2/lib/externalProcess-rt.jar
Launcher Type: SUN_STANDARD

[Global flags]
     intx CICompilerCount                          = 3                                         {product} {ergonomic}
     uint ConcGCThreads                            = 1                                         {product} {ergonomic}
     uint G1ConcRefinementThreads                  = 4                                         {product} {ergonomic}
   size_t G1HeapRegionSize                         = 1048576                                   {product} {ergonomic}
    uintx GCDrainStackTargetSize                   = 64                                        {product} {ergonomic}
   size_t InitialHeapSize                          = 134217728                                 {product} {ergonomic}
   size_t MarkStackSize                            = 4194304                                   {product} {ergonomic}
   size_t MaxHeapSize                              = 2124414976                                {product} {ergonomic}
   size_t MaxNewSize                               = 1274019840                                {product} {ergonomic}
   size_t MinHeapDeltaBytes                        = 1048576                                   {product} {ergonomic}
   size_t MinHeapSize                              = 8388608                                   {product} {ergonomic}
    uintx NonNMethodCodeHeapSize                   = 5832780                                {pd product} {ergonomic}
    uintx NonProfiledCodeHeapSize                  = 122912730                              {pd product} {ergonomic}
    uintx ProfiledCodeHeapSize                     = 122912730                              {pd product} {ergonomic}
    uintx ReservedCodeCacheSize                    = 251658240                              {pd product} {ergonomic}
     bool SegmentedCodeCache                       = true                                      {product} {ergonomic}
   size_t SoftMaxHeapSize                          = 2124414976                             {manageable} {ergonomic}
     bool UseCompressedClassPointers               = true                           {product lp64_product} {ergonomic}
     bool UseCompressedOops                        = true                           {product lp64_product} {ergonomic}
     bool UseG1GC                                  = true                                      {product} {ergonomic}
     bool UseLargePagesIndividualAllocation        = false                                  {pd product} {ergonomic}

Logging:
Log output configuration:
 #0: stdout all=warning uptime,level,tags
 #1: stderr all=off uptime,level,tags

Environment Variables:
PATH=C:\WINDOWS\system32;C:\WINDOWS;C:\WINDOWS\System32\Wbem;C:\WINDOWS\System32\WindowsPowerShell\v1.0\;C:\WINDOWS\System32\OpenSSH\;C:\Program Files\Git\cmd;C:\Program Files\nodejs\;C:\Users\sonbu\AppData\Local\Microsoft\WindowsApps;C:\Users\sonbu\AppData\Local\Programs\Microsoft VS Code\bin;C:\Users\sonbu\AppData\Local\GitHubDesktop\bin;C:\Users\sonbu\AppData\Roaming\npm
USERNAME=sonbu
OS=Windows_NT
PROCESSOR_IDENTIFIER=Intel64 Family 6 Model 60 Stepping 3, GenuineIntel
TMP=C:\Users\sonbu\AppData\Local\Temp
TEMP=C:\Users\sonbu\AppData\Local\Temp



Periodic native trim disabled

JNI global refs:
JNI global refs: 7, weak refs: 0

JNI global refs memory usage: 843, weak refs: 209

Process memory usage:
Resident Set Size: 30584K (0% of 8291808K total physical memory with 726632K free physical memory)

OOME stack traces (most recent first):
Classloader memory used:
Loader bootstrap                                                                       : 594K
Loader jdk.internal.loader.ClassLoaders$AppClassLoader                                 : 1381B


---------------  S Y S T E M  ---------------

OS:
 Windows 10 , 64 bit Build 19041 (10.0.19041.3636)
OS uptime: 11 days 5:02 hours
Hyper-V role detected

CPU: total 4 (initial active 4) (2 cores per cpu, 2 threads per core) family 6 model 60 stepping 3 microcode 0x27, cx8, cmov, fxsr, ht, mmx, sse, sse2, sse3, ssse3, sse4.1, sse4.2, popcnt, lzcnt, tsc, tscinvbit, avx, avx2, aes, erms, clmul, bmi1, bmi2, fma, vzeroupper, clflush, hv
Processor Information for all 4 processors :
  Max Mhz: 2601, Current Mhz: 2601, Mhz Limit: 2601

Memory: 4k page, system-wide physical 8097M (709M free)
TotalPageFile size 18222M (AvailPageFile size 4021M)
current process WorkingSet (physical memory assigned to process): 29M, peak: 29M
current process commit charge ("private bytes"): 195M, peak: 195M

vm_info: OpenJDK 64-Bit Server VM (17.0.11+1-b1207.24) for windows-amd64 JRE (17.0.11+1-b1207.24), built on 2024-05-15 by "builduser" with MS VC++ 16.10 / 16.11 (VS2019)

END.
